TN:
SF:.eslintrc.cjs
FN:1,(empty-report)
FNF:1
FNH:0
FNDA:0,(empty-report)
DA:1,0
DA:2,0
DA:3,0
DA:4,0
DA:5,0
DA:6,0
DA:7,0
DA:8,0
DA:9,0
DA:10,0
DA:11,0
DA:12,0
DA:13,0
DA:14,0
DA:15,0
DA:16,0
DA:17,0
DA:18,0
DA:19,0
LF:19
LH:0
BRDA:1,0,0,0
BRF:1
BRH:0
end_of_record
TN:
SF:src/config/settings.ts
FNF:0
FNH:0
DA:1,1
DA:2,1
DA:3,1
DA:4,1
DA:5,1
DA:6,1
DA:7,1
DA:8,1
DA:9,1
DA:10,1
DA:11,1
DA:12,1
DA:13,1
DA:14,1
DA:15,1
DA:16,1
DA:17,1
DA:18,1
DA:19,1
DA:20,1
DA:21,1
DA:22,1
DA:23,1
DA:24,1
DA:25,1
DA:26,1
DA:27,1
DA:28,1
DA:29,1
DA:30,1
DA:31,1
DA:32,1
DA:33,1
DA:34,1
DA:35,1
DA:36,1
DA:37,1
DA:38,1
DA:39,1
DA:40,1
DA:41,1
DA:42,1
DA:43,1
DA:44,1
DA:45,1
DA:46,1
DA:47,1
DA:48,1
DA:49,1
LF:49
LH:49
BRF:0
BRH:0
end_of_record
TN:
SF:src/services/jqEngine.ts
FN:4,<instance_members_initializer>
FN:7,init
FN:21,transform
FN:46,validate
FN:64,parseJQError
FN:69,getSuggestions
FNF:6
FNH:6
FNDA:6,<instance_members_initializer>
FNDA:5,init
FNDA:8,transform
FNDA:2,validate
FNDA:5,parseJQError
FNDA:5,getSuggestions
DA:1,1
DA:2,1
DA:3,1
DA:4,1
DA:5,6
DA:6,1
DA:7,1
DA:8,5
DA:9,3
DA:10,3
DA:11,3
DA:12,3
DA:13,3
DA:14,3
DA:15,5
DA:16,0
DA:17,0
DA:18,0
DA:19,5
DA:20,1
DA:21,1
DA:22,8
DA:23,1
DA:24,1
DA:25,8
DA:26,8
DA:27,8
DA:28,8
DA:29,8
DA:30,8
DA:31,8
DA:32,8
DA:33,8
DA:34,8
DA:35,8
DA:36,8
DA:37,4
DA:38,4
DA:39,4
DA:40,4
DA:41,4
DA:42,4
DA:43,4
DA:44,8
DA:45,1
DA:46,1
DA:47,2
DA:48,0
DA:49,0
DA:50,2
DA:51,2
DA:52,2
DA:53,2
DA:54,2
DA:55,2
DA:56,1
DA:57,1
DA:58,1
DA:59,1
DA:60,1
DA:61,1
DA:62,2
DA:63,1
DA:64,1
DA:65,5
DA:66,5
DA:67,5
DA:68,1
DA:69,1
DA:70,5
DA:71,5
DA:72,5
DA:73,5
DA:74,0
DA:75,0
DA:76,0
DA:77,5
DA:78,5
DA:79,5
DA:80,5
DA:81,5
DA:82,5
DA:83,5
DA:84,5
DA:85,5
DA:86,0
DA:87,0
DA:88,0
DA:89,5
DA:90,5
DA:91,5
DA:92,1
DA:93,1
DA:94,1
DA:95,1
LF:95
LH:84
BRDA:4,0,0,6
BRDA:7,1,0,5
BRDA:8,2,0,3
BRDA:8,3,0,2
BRDA:15,4,0,0
BRDA:21,5,0,8
BRDA:22,6,0,1
BRDA:36,7,0,4
BRDA:46,8,0,2
BRDA:47,9,0,0
BRDA:55,10,0,1
BRDA:64,11,0,5
BRDA:65,12,0,0
BRDA:69,13,0,5
BRDA:71,14,0,0
BRDA:73,15,0,0
BRDA:78,16,0,0
BRDA:85,17,0,0
BRF:18
BRH:11
end_of_record
TN:
SF:src/services/routeMatcher.ts
FN:5,matchRoute
FN:20,evaluateConditions
FN:36,evaluateCondition
FN:54,evaluateJQCondition
FN:69,evaluatePayloadCondition
FN:78,evaluateHeaderCondition
FN:87,evaluateMetadataCondition
FN:96,getNestedValue
FN:100,compareValues
FNF:9
FNH:8
FNDA:34,matchRoute
FNDA:18,evaluateConditions
FNDA:15,evaluateCondition
FNDA:0,evaluateJQCondition
FNDA:13,evaluatePayloadCondition
FNDA:1,evaluateHeaderCondition
FNDA:1,evaluateMetadataCondition
FNDA:13,getNestedValue
FNDA:15,compareValues
DA:1,1
DA:2,1
DA:3,1
DA:4,1
DA:5,1
DA:6,34
DA:7,34
DA:8,34
DA:9,34
DA:10,34
DA:11,34
DA:12,15
DA:13,13
DA:14,13
DA:15,15
DA:16,21
DA:17,21
DA:18,34
DA:19,1
DA:20,1
DA:21,18
DA:22,6
DA:23,6
DA:24,12
DA:25,12
DA:26,12
DA:27,12
DA:28,12
DA:29,18
DA:30,10
DA:31,18
DA:32,2
DA:33,2
DA:34,18
DA:35,1
DA:36,1
DA:37,15
DA:38,15
DA:39,15
DA:40,15
DA:41,15
DA:42,0
DA:43,15
DA:44,13
DA:45,15
DA:46,1
DA:47,15
DA:48,1
DA:49,15
DA:50,0
DA:51,15
DA:52,15
DA:53,1
DA:54,1
DA:55,0
DA:56,0
DA:57,0
DA:58,0
DA:59,0
DA:60,0
DA:61,0
DA:62,0
DA:63,0
DA:64,0
DA:65,0
DA:66,0
DA:67,0
DA:68,1
DA:69,1
DA:70,13
DA:71,13
DA:72,13
DA:73,13
DA:74,13
DA:75,13
DA:76,13
DA:77,1
DA:78,1
DA:79,1
DA:80,1
DA:81,1
DA:82,1
DA:83,1
DA:84,1
DA:85,1
DA:86,1
DA:87,1
DA:88,1
DA:89,1
DA:90,1
DA:91,1
DA:92,1
DA:93,1
DA:94,1
DA:95,1
DA:96,1
DA:97,13
DA:98,13
DA:99,1
DA:100,1
DA:101,15
DA:102,15
DA:103,10
DA:104,15
DA:105,1
DA:106,15
DA:107,1
DA:108,1
DA:109,1
DA:110,0
DA:111,0
DA:112,15
DA:113,3
DA:114,15
DA:115,0
DA:116,15
DA:117,15
DA:118,1
DA:119,1
DA:120,1
DA:121,1
LF:121
LH:103
BRDA:5,0,0,34
BRDA:11,1,0,15
BRDA:12,2,0,13
BRDA:15,3,0,21
BRDA:8,4,0,18
BRDA:9,5,0,3
BRDA:20,6,0,18
BRDA:21,7,0,6
BRDA:23,8,0,12
BRDA:29,9,0,10
BRDA:31,10,0,2
BRDA:26,11,0,15
BRDA:30,12,0,12
BRDA:32,13,0,3
BRDA:36,14,0,15
BRDA:41,15,0,0
BRDA:43,16,0,13
BRDA:45,17,0,1
BRDA:47,18,0,1
BRDA:49,19,0,0
BRDA:69,20,0,13
BRDA:73,21,0,0
BRDA:78,22,0,1
BRDA:82,23,0,0
BRDA:87,24,0,1
BRDA:91,25,0,0
BRDA:96,26,0,13
BRDA:97,27,0,26
BRDA:100,28,0,15
BRDA:102,29,0,10
BRDA:104,30,0,1
BRDA:106,31,0,1
BRDA:109,32,0,0
BRDA:112,33,0,3
BRDA:113,34,0,2
BRDA:114,35,0,0
BRF:36
BRH:29
end_of_record
TN:
SF:src/services/storage.ts
FN:6,<instance_members_initializer>
FN:9,saveRoutes
FN:18,loadRoutes
FN:28,clearRoutes
FN:32,exportToYAML
FN:37,exportToJSON
FN:42,downloadFile
FN:54,importFromYAML
FN:75,generateConfigMap
FNF:9
FNH:8
FNDA:16,<instance_members_initializer>
FNDA:24,saveRoutes
FNDA:5,loadRoutes
FNDA:1,clearRoutes
FNDA:2,exportToYAML
FNDA:2,exportToJSON
FNDA:0,downloadFile
FNDA:3,importFromYAML
FNDA:4,generateConfigMap
DA:1,1
DA:2,1
DA:3,1
DA:4,1
DA:5,1
DA:6,1
DA:7,16
DA:8,1
DA:9,1
DA:10,24
DA:11,24
DA:12,24
DA:13,1
DA:14,1
DA:15,1
DA:16,24
DA:17,1
DA:18,1
DA:19,5
DA:20,5
DA:21,5
DA:22,5
DA:23,1
DA:24,1
DA:25,1
DA:26,5
DA:27,1
DA:28,1
DA:29,1
DA:30,1
DA:31,1
DA:32,1
DA:33,2
DA:34,2
DA:35,2
DA:36,1
DA:37,1
DA:38,2
DA:39,2
DA:40,2
DA:41,1
DA:42,1
DA:43,0
DA:44,0
DA:45,0
DA:46,0
DA:47,0
DA:48,0
DA:49,0
DA:50,0
DA:51,0
DA:52,0
DA:53,1
DA:54,1
DA:55,3
DA:56,3
DA:57,3
DA:58,3
DA:59,1
DA:60,1
DA:61,2
DA:62,2
DA:63,3
DA:64,1
DA:65,1
DA:66,1
DA:67,1
DA:68,3
DA:69,3
DA:70,2
DA:71,2
DA:72,2
DA:73,3
DA:74,1
DA:75,1
DA:76,4
DA:77,4
DA:78,0
DA:79,4
DA:80,4
DA:81,4
DA:82,4
DA:83,4
DA:84,4
DA:85,4
DA:86,4
DA:87,4
DA:88,4
DA:89,4
DA:90,4
DA:91,4
DA:92,4
DA:93,4
DA:94,4
DA:95,4
DA:96,4
DA:97,4
DA:98,4
DA:99,4
DA:100,4
DA:101,4
DA:102,4
DA:103,4
DA:104,4
DA:105,4
DA:106,4
DA:107,1
DA:108,1
DA:109,1
DA:110,1
LF:110
LH:99
BRDA:6,0,0,16
BRDA:9,1,0,24
BRDA:12,2,0,1
BRDA:18,3,0,5
BRDA:21,4,0,3
BRDA:21,5,0,2
BRDA:22,6,0,1
BRDA:28,7,0,1
BRDA:32,8,0,2
BRDA:37,9,0,2
BRDA:54,10,0,3
BRDA:58,11,0,1
BRDA:60,12,0,2
BRDA:63,13,0,1
BRDA:68,14,0,0
BRDA:69,15,0,2
BRDA:75,16,0,4
BRDA:77,17,0,0
BRF:18
BRH:16
end_of_record
TN:
SF:src/store/routeStore.ts
FN:30,loadRoutes
FN:40,setRoutes
FN:49,selectRoute
FN:53,addRoute
FN:64,updateRoute
FN:77,deleteRoute
FN:87,duplicateRoute
FN:101,reorderRoutes
FN:108,clearError
FNF:9
FNH:9
FNDA:2,loadRoutes
FNDA:20,setRoutes
FNDA:5,selectRoute
FNDA:2,addRoute
FNDA:3,updateRoute
FNDA:2,deleteRoute
FNDA:2,duplicateRoute
FNDA:1,reorderRoutes
FNDA:1,clearError
DA:1,1
DA:2,1
DA:3,1
DA:4,1
DA:5,1
DA:6,1
DA:7,1
DA:8,1
DA:9,1
DA:10,1
DA:11,1
DA:12,1
DA:13,1
DA:14,1
DA:15,1
DA:16,1
DA:17,1
DA:18,1
DA:19,1
DA:20,1
DA:21,1
DA:22,1
DA:23,1
DA:24,1
DA:25,1
DA:26,1
DA:27,1
DA:28,1
DA:29,1
DA:30,1
DA:31,2
DA:32,2
DA:33,2
DA:34,2
DA:35,2
DA:36,0
DA:37,0
DA:38,2
DA:39,1
DA:40,1
DA:41,20
DA:42,20
DA:43,20
DA:44,20
DA:45,1
DA:46,1
DA:47,20
DA:48,1
DA:49,1
DA:50,5
DA:51,5
DA:52,1
DA:53,1
DA:54,2
DA:55,2
DA:56,2
DA:57,2
DA:58,2
DA:59,2
DA:60,2
DA:61,2
DA:62,2
DA:63,1
DA:64,1
DA:65,3
DA:66,4
DA:67,3
DA:68,3
DA:69,3
DA:70,3
DA:71,3
DA:72,3
DA:73,1
DA:74,1
DA:75,3
DA:76,1
DA:77,1
DA:78,2
DA:79,2
DA:80,2
DA:81,2
DA:82,2
DA:83,1
DA:84,1
DA:85,2
DA:86,1
DA:87,1
DA:88,2
DA:89,2
DA:90,2
DA:91,2
DA:92,2
DA:93,2
DA:94,2
DA:95,2
DA:96,2
DA:97,2
DA:98,2
DA:99,2
DA:100,1
DA:101,1
DA:102,1
DA:103,1
DA:104,1
DA:105,1
DA:106,1
DA:107,1
DA:108,1
DA:109,1
DA:110,1
DA:111,1
LF:111
LH:109
BRDA:24,0,0,1
BRDA:30,1,0,2
BRDA:35,2,0,0
BRDA:40,3,0,20
BRDA:44,4,0,1
BRDA:49,5,0,5
BRDA:53,6,0,2
BRDA:64,7,0,3
BRDA:72,8,0,1
BRDA:72,9,0,1
BRDA:65,10,0,4
BRDA:66,11,0,3
BRDA:66,12,0,1
BRDA:77,13,0,2
BRDA:82,14,0,1
BRDA:82,15,0,1
BRDA:78,16,0,2
BRDA:87,17,0,2
BRDA:89,18,0,0
BRDA:88,19,0,2
BRDA:101,20,0,1
BRDA:108,21,0,1
BRF:22
BRH:20
end_of_record
TN:
SF:src/store/simulationStore.ts
FN:22,startSimulation
FN:130,clearSimulations
FN:134,selectSimulation
FNF:3
FNH:3
FNDA:23,startSimulation
FNDA:1,clearSimulations
FNDA:2,selectSimulation
DA:1,1
DA:2,1
DA:3,1
DA:4,1
DA:5,1
DA:6,1
DA:7,1
DA:8,1
DA:9,1
DA:10,1
DA:11,1
DA:12,1
DA:13,1
DA:14,1
DA:15,1
DA:16,1
DA:17,1
DA:18,1
DA:19,1
DA:20,1
DA:21,1
DA:22,1
DA:23,23
DA:24,23
DA:25,23
DA:26,23
DA:27,23
DA:28,23
DA:29,23
DA:30,23
DA:31,23
DA:32,23
DA:33,23
DA:34,23
DA:35,23
DA:36,23
DA:37,23
DA:38,23
DA:39,23
DA:40,23
DA:41,23
DA:42,23
DA:43,23
DA:44,23
DA:45,23
DA:46,23
DA:47,23
DA:48,23
DA:49,23
DA:50,23
DA:51,23
DA:52,23
DA:53,3
DA:54,20
DA:55,23
DA:56,23
DA:57,23
DA:58,23
DA:59,23
DA:60,23
DA:61,23
DA:62,23
DA:63,23
DA:64,3
DA:65,3
DA:66,3
DA:67,3
DA:68,3
DA:69,2
DA:70,2
DA:71,2
DA:72,2
DA:73,2
DA:74,2
DA:75,2
DA:76,2
DA:77,2
DA:78,2
DA:79,2
DA:80,2
DA:81,2
DA:82,2
DA:83,2
DA:84,2
DA:85,2
DA:86,2
DA:87,2
DA:88,2
DA:89,2
DA:90,2
DA:91,2
DA:92,0
DA:93,0
DA:94,0
DA:95,0
DA:96,0
DA:97,0
DA:98,0
DA:99,2
DA:100,23
DA:101,20
DA:102,20
DA:103,20
DA:104,20
DA:105,20
DA:106,20
DA:107,23
DA:108,23
DA:109,23
DA:110,23
DA:111,23
DA:112,23
DA:113,23
DA:114,23
DA:115,23
DA:116,23
DA:117,0
DA:118,0
DA:119,0
DA:120,0
DA:121,0
DA:122,0
DA:123,0
DA:124,0
DA:125,0
DA:126,0
DA:127,0
DA:128,23
DA:129,1
DA:130,1
DA:131,1
DA:132,1
DA:133,1
DA:134,1
DA:135,2
DA:136,2
DA:137,1
DA:138,1
DA:139,2
DA:140,1
LF:140
LH:122
BRDA:17,0,0,1
BRDA:22,1,0,23
BRDA:52,2,0,3
BRDA:53,3,0,20
BRDA:56,4,0,3
BRDA:63,5,0,3
BRDA:68,6,0,2
BRDA:68,7,0,2
BRDA:91,8,0,0
BRDA:100,9,0,20
BRDA:116,10,0,0
BRDA:130,11,0,1
BRDA:134,12,0,2
BRDA:136,13,0,1
BRDA:135,14,0,1
BRF:15
BRH:13
end_of_record
